{"level":"info","message":"Setting up App","timestamp":"2018-04-13T06:09:58.764Z"}
{"level":"warn","message":"Certificates ca-file not loaded","timestamp":"2018-04-13T06:09:58.772Z"}
{"level":"info","message":"Setting up Server","timestamp":"2018-04-13T06:09:58.771Z"}
{"level":"info","message":"Using https","timestamp":"2018-04-13T06:09:58.777Z"}
{"level":"info","message":"Setting up storage for sessions","timestamp":"2018-04-13T06:09:58.895Z"}
{"level":"warn","message":"Connection to redislabs could'nt be established","timestamp":"2018-04-13T06:09:59.102Z"}
{"message":"Redis connection to redis-11379.c11.us-east-1-2.ec2.cloud.redislabs.com:11379 failed - connect ECONNREFUSED 54.91.215.131:11379","stack":"Error: Redis connection to redis-11379.c11.us-east-1-2.ec2.cloud.redislabs.com:11379 failed - connect ECONNREFUSED 54.91.215.131:11379\n    at Object.exports._errnoException (util.js:1008:11)\n    at exports._exceptionWithHostPort (util.js:1031:20)\n    at TCPConnectWrap.afterConnect [as oncomplete] (net.js:1080:14)","code":"ECONNREFUSED","errno":"ECONNREFUSED","syscall":"connect","address":"54.91.215.131","port":11379,"level":"warn","timestamp":"2018-04-13T06:09:59.103Z"}
{"level":"warn","message":"Connection to redislab couldn't be established","timestamp":"2018-04-13T06:09:59.105Z"}
{"level":"info","message":"Setting up sockets","timestamp":"2018-04-13T06:09:59.116Z"}
{"level":"warn","message":"Couldn't connect to mlab.com. Fallback to local mongodb","timestamp":"2018-04-13T06:09:59.546Z"}
{"level":"info","message":"Connection to local mongodb succeeded","timestamp":"2018-04-13T06:09:59.569Z"}
{"level":"info","message":"Setting up handlebars","timestamp":"2018-04-13T06:09:59.570Z"}
{"level":"info","message":"Initializing express application","timestamp":"2018-04-13T06:09:59.634Z"}
{"level":"info","message":"Server started and ready","timestamp":"2018-04-13T06:09:59.725Z"}
{"level":"info","message":"Setting up App","timestamp":"2018-04-13T06:13:48.378Z"}
{"level":"warn","message":"Certificates ca-file not loaded","timestamp":"2018-04-13T06:13:48.386Z"}
{"level":"info","message":"Setting up Server","timestamp":"2018-04-13T06:13:48.384Z"}
{"level":"info","message":"Using https","timestamp":"2018-04-13T06:13:48.390Z"}
{"level":"info","message":"Setting up storage for sessions","timestamp":"2018-04-13T06:13:48.513Z"}
{"level":"warn","message":"Connection to redislabs could'nt be established","timestamp":"2018-04-13T06:13:48.644Z"}
{"message":"Redis connection to redis-11379.c11.us-east-1-2.ec2.cloud.redislabs.com:11379 failed - connect ECONNREFUSED 54.91.215.131:11379","stack":"Error: Redis connection to redis-11379.c11.us-east-1-2.ec2.cloud.redislabs.com:11379 failed - connect ECONNREFUSED 54.91.215.131:11379\n    at Object.exports._errnoException (util.js:1008:11)\n    at exports._exceptionWithHostPort (util.js:1031:20)\n    at TCPConnectWrap.afterConnect [as oncomplete] (net.js:1080:14)","code":"ECONNREFUSED","errno":"ECONNREFUSED","syscall":"connect","address":"54.91.215.131","port":11379,"level":"warn","timestamp":"2018-04-13T06:13:48.645Z"}
{"level":"warn","message":"Connection to redislab couldn't be established","timestamp":"2018-04-13T06:13:48.647Z"}
{"level":"info","message":"Setting up sockets","timestamp":"2018-04-13T06:13:48.656Z"}
{"level":"warn","message":"Couldn't connect to mlab.com. Fallback to local mongodb","timestamp":"2018-04-13T06:13:49.087Z"}
{"level":"info","message":"Connection to local mongodb succeeded","timestamp":"2018-04-13T06:13:49.108Z"}
{"level":"info","message":"Setting up handlebars","timestamp":"2018-04-13T06:13:49.109Z"}
{"level":"info","message":"Initializing express application","timestamp":"2018-04-13T06:13:49.170Z"}
{"level":"info","message":"Server started and ready","timestamp":"2018-04-13T06:13:49.259Z"}
{"level":"info","message":"Setting up App","timestamp":"2018-04-13T06:20:34.477Z"}
{"level":"warn","message":"Certificates ca-file not loaded","timestamp":"2018-04-13T06:20:34.488Z"}
{"level":"info","message":"Setting up Server","timestamp":"2018-04-13T06:20:34.487Z"}
{"level":"info","message":"Using https","timestamp":"2018-04-13T06:20:34.493Z"}
{"level":"info","message":"Setting up storage for sessions","timestamp":"2018-04-13T06:20:34.608Z"}
{"level":"warn","message":"Connection to redislabs could'nt be established","timestamp":"2018-04-13T06:20:34.918Z"}
{"message":"Redis connection to redis-11379.c11.us-east-1-2.ec2.cloud.redislabs.com:11379 failed - connect ECONNREFUSED 54.91.215.131:11379","stack":"Error: Redis connection to redis-11379.c11.us-east-1-2.ec2.cloud.redislabs.com:11379 failed - connect ECONNREFUSED 54.91.215.131:11379\n    at Object.exports._errnoException (util.js:1008:11)\n    at exports._exceptionWithHostPort (util.js:1031:20)\n    at TCPConnectWrap.afterConnect [as oncomplete] (net.js:1080:14)","code":"ECONNREFUSED","errno":"ECONNREFUSED","syscall":"connect","address":"54.91.215.131","port":11379,"level":"warn","timestamp":"2018-04-13T06:20:34.919Z"}
{"level":"warn","message":"Connection to redislab couldn't be established","timestamp":"2018-04-13T06:20:34.921Z"}
{"level":"info","message":"Setting up sockets","timestamp":"2018-04-13T06:20:34.932Z"}
{"level":"warn","message":"Couldn't connect to mlab.com. Fallback to local mongodb","timestamp":"2018-04-13T06:20:35.370Z"}
{"level":"info","message":"Connection to local mongodb succeeded","timestamp":"2018-04-13T06:20:35.392Z"}
{"level":"info","message":"Setting up handlebars","timestamp":"2018-04-13T06:20:35.393Z"}
{"level":"info","message":"Initializing express application","timestamp":"2018-04-13T06:20:35.459Z"}
{"level":"info","message":"Server started and ready","timestamp":"2018-04-13T06:20:35.548Z"}
{"level":"info","message":"Setting up App","timestamp":"2018-04-13T06:25:56.720Z"}
{"level":"warn","message":"Certificates ca-file not loaded","timestamp":"2018-04-13T06:25:56.729Z"}
{"level":"info","message":"Setting up Server","timestamp":"2018-04-13T06:25:56.728Z"}
{"level":"info","message":"Using https","timestamp":"2018-04-13T06:25:56.735Z"}
{"level":"info","message":"Setting up storage for sessions","timestamp":"2018-04-13T06:25:56.849Z"}
{"level":"warn","message":"Connection to redislabs could'nt be established","timestamp":"2018-04-13T06:25:57.142Z"}
{"message":"Redis connection to redis-11379.c11.us-east-1-2.ec2.cloud.redislabs.com:11379 failed - connect ECONNREFUSED 54.91.215.131:11379","stack":"Error: Redis connection to redis-11379.c11.us-east-1-2.ec2.cloud.redislabs.com:11379 failed - connect ECONNREFUSED 54.91.215.131:11379\n    at Object.exports._errnoException (util.js:1008:11)\n    at exports._exceptionWithHostPort (util.js:1031:20)\n    at TCPConnectWrap.afterConnect [as oncomplete] (net.js:1080:14)","code":"ECONNREFUSED","errno":"ECONNREFUSED","syscall":"connect","address":"54.91.215.131","port":11379,"level":"warn","timestamp":"2018-04-13T06:25:57.142Z"}
{"level":"warn","message":"Connection to redislab couldn't be established","timestamp":"2018-04-13T06:25:57.145Z"}
{"level":"info","message":"Setting up sockets","timestamp":"2018-04-13T06:25:57.156Z"}
{"level":"warn","message":"Couldn't connect to mlab.com. Fallback to local mongodb","timestamp":"2018-04-13T06:25:57.585Z"}
{"level":"info","message":"Connection to local mongodb succeeded","timestamp":"2018-04-13T06:25:57.607Z"}
{"level":"info","message":"Setting up handlebars","timestamp":"2018-04-13T06:25:57.608Z"}
{"level":"info","message":"Initializing express application","timestamp":"2018-04-13T06:25:57.669Z"}
{"level":"info","message":"Server started and ready","timestamp":"2018-04-13T06:25:57.758Z"}
{"level":"info","message":"Setting up App","timestamp":"2018-04-13T06:27:01.906Z"}
{"level":"warn","message":"Certificates ca-file not loaded","timestamp":"2018-04-13T06:27:01.915Z"}
{"level":"info","message":"Setting up Server","timestamp":"2018-04-13T06:27:01.914Z"}
{"level":"info","message":"Using https","timestamp":"2018-04-13T06:27:01.920Z"}
{"level":"info","message":"Setting up storage for sessions","timestamp":"2018-04-13T06:27:02.037Z"}
{"level":"warn","message":"Connection to redislabs could'nt be established","timestamp":"2018-04-13T06:27:02.177Z"}
{"message":"Redis connection to redis-11379.c11.us-east-1-2.ec2.cloud.redislabs.com:11379 failed - connect ECONNREFUSED 54.91.215.131:11379","stack":"Error: Redis connection to redis-11379.c11.us-east-1-2.ec2.cloud.redislabs.com:11379 failed - connect ECONNREFUSED 54.91.215.131:11379\n    at Object.exports._errnoException (util.js:1008:11)\n    at exports._exceptionWithHostPort (util.js:1031:20)\n    at TCPConnectWrap.afterConnect [as oncomplete] (net.js:1080:14)","code":"ECONNREFUSED","errno":"ECONNREFUSED","syscall":"connect","address":"54.91.215.131","port":11379,"level":"warn","timestamp":"2018-04-13T06:27:02.178Z"}
{"level":"warn","message":"Connection to redislab couldn't be established","timestamp":"2018-04-13T06:27:02.180Z"}
{"level":"info","message":"Setting up sockets","timestamp":"2018-04-13T06:27:02.191Z"}
{"level":"warn","message":"Couldn't connect to mlab.com. Fallback to local mongodb","timestamp":"2018-04-13T06:27:02.594Z"}
{"level":"info","message":"Connection to local mongodb succeeded","timestamp":"2018-04-13T06:27:02.617Z"}
{"level":"info","message":"Setting up handlebars","timestamp":"2018-04-13T06:27:02.618Z"}
{"level":"info","message":"Initializing express application","timestamp":"2018-04-13T06:27:02.680Z"}
{"level":"info","message":"Server started and ready","timestamp":"2018-04-13T06:27:02.772Z"}
{"level":"info","message":"Setting up App","timestamp":"2018-04-13T06:33:06.906Z"}
{"level":"warn","message":"Certificates ca-file not loaded","timestamp":"2018-04-13T06:33:06.915Z"}
{"level":"info","message":"Setting up Server","timestamp":"2018-04-13T06:33:06.913Z"}
{"level":"info","message":"Using https","timestamp":"2018-04-13T06:33:06.920Z"}
{"level":"info","message":"Setting up storage for sessions","timestamp":"2018-04-13T06:33:07.036Z"}
{"level":"warn","message":"Connection to redislabs could'nt be established","timestamp":"2018-04-13T06:33:07.167Z"}
{"message":"Redis connection to redis-11379.c11.us-east-1-2.ec2.cloud.redislabs.com:11379 failed - connect ECONNREFUSED 54.91.215.131:11379","stack":"Error: Redis connection to redis-11379.c11.us-east-1-2.ec2.cloud.redislabs.com:11379 failed - connect ECONNREFUSED 54.91.215.131:11379\n    at Object.exports._errnoException (util.js:1008:11)\n    at exports._exceptionWithHostPort (util.js:1031:20)\n    at TCPConnectWrap.afterConnect [as oncomplete] (net.js:1080:14)","code":"ECONNREFUSED","errno":"ECONNREFUSED","syscall":"connect","address":"54.91.215.131","port":11379,"level":"warn","timestamp":"2018-04-13T06:33:07.167Z"}
{"level":"warn","message":"Connection to redislab couldn't be established","timestamp":"2018-04-13T06:33:07.169Z"}
{"level":"info","message":"Setting up sockets","timestamp":"2018-04-13T06:33:07.179Z"}
{"level":"warn","message":"Couldn't connect to mlab.com. Fallback to local mongodb","timestamp":"2018-04-13T06:33:07.565Z"}
{"level":"info","message":"Connection to local mongodb succeeded","timestamp":"2018-04-13T06:33:07.586Z"}
{"level":"info","message":"Setting up handlebars","timestamp":"2018-04-13T06:33:07.588Z"}
{"level":"info","message":"Initializing express application","timestamp":"2018-04-13T06:33:07.651Z"}
{"level":"info","message":"Server started and ready","timestamp":"2018-04-13T06:33:07.742Z"}
{"level":"info","message":"Setting up App","timestamp":"2018-04-13T06:34:39.485Z"}
{"level":"warn","message":"Certificates ca-file not loaded","timestamp":"2018-04-13T06:34:39.494Z"}
{"level":"info","message":"Setting up Server","timestamp":"2018-04-13T06:34:39.492Z"}
{"level":"info","message":"Using https","timestamp":"2018-04-13T06:34:39.500Z"}
{"level":"info","message":"Setting up storage for sessions","timestamp":"2018-04-13T06:34:39.619Z"}
{"level":"warn","message":"Connection to redislabs could'nt be established","timestamp":"2018-04-13T06:34:39.911Z"}
{"message":"Redis connection to redis-11379.c11.us-east-1-2.ec2.cloud.redislabs.com:11379 failed - connect ECONNREFUSED 54.91.215.131:11379","stack":"Error: Redis connection to redis-11379.c11.us-east-1-2.ec2.cloud.redislabs.com:11379 failed - connect ECONNREFUSED 54.91.215.131:11379\n    at Object.exports._errnoException (util.js:1008:11)\n    at exports._exceptionWithHostPort (util.js:1031:20)\n    at TCPConnectWrap.afterConnect [as oncomplete] (net.js:1080:14)","code":"ECONNREFUSED","errno":"ECONNREFUSED","syscall":"connect","address":"54.91.215.131","port":11379,"level":"warn","timestamp":"2018-04-13T06:34:39.911Z"}
{"level":"warn","message":"Connection to redislab couldn't be established","timestamp":"2018-04-13T06:34:39.913Z"}
{"level":"info","message":"Setting up sockets","timestamp":"2018-04-13T06:34:39.926Z"}
{"level":"warn","message":"Couldn't connect to mlab.com. Fallback to local mongodb","timestamp":"2018-04-13T06:34:40.321Z"}
{"level":"info","message":"Connection to local mongodb succeeded","timestamp":"2018-04-13T06:34:40.343Z"}
{"level":"info","message":"Setting up handlebars","timestamp":"2018-04-13T06:34:40.344Z"}
{"level":"info","message":"Initializing express application","timestamp":"2018-04-13T06:34:40.407Z"}
{"level":"info","message":"Server started and ready","timestamp":"2018-04-13T06:34:40.497Z"}
{"level":"error","message":"Logout user with sessionId ByRc2jgqQfUisLzdScp3YGAEhqcj64ll failed on database update.","timestamp":"2018-04-13T06:34:50.476Z"}
{"level":"error","message":"Logout user with sessionId ByRc2jgqQfUisLzdScp3YGAEhqcj64ll failed on database update.","timestamp":"2018-04-13T06:35:17.995Z"}
{"level":"error","message":"New user in chat not in database","timestamp":"2018-04-13T06:37:48.853Z"}
{"level":"error","message":"Logout user with sessionId ByRc2jgqQfUisLzdScp3YGAEhqcj64ll failed on database update.","timestamp":"2018-04-13T06:37:51.400Z"}
{"level":"error","message":"Logout user with sessionId ByRc2jgqQfUisLzdScp3YGAEhqcj64ll failed on database update.","timestamp":"2018-04-13T06:38:08.392Z"}
{"level":"error","message":"Logout user with sessionId ByRc2jgqQfUisLzdScp3YGAEhqcj64ll failed on database update.","timestamp":"2018-04-13T06:38:28.355Z"}
{"level":"info","message":"Setting up App","timestamp":"2018-04-13T06:39:08.488Z"}
{"level":"warn","message":"Certificates ca-file not loaded","timestamp":"2018-04-13T06:39:08.497Z"}
{"level":"info","message":"Setting up Server","timestamp":"2018-04-13T06:39:08.496Z"}
{"level":"info","message":"Using https","timestamp":"2018-04-13T06:39:08.503Z"}
{"level":"info","message":"Setting up storage for sessions","timestamp":"2018-04-13T06:39:08.620Z"}
{"level":"warn","message":"Connection to redislabs could'nt be established","timestamp":"2018-04-13T06:39:08.755Z"}
{"message":"Redis connection to redis-11379.c11.us-east-1-2.ec2.cloud.redislabs.com:11379 failed - connect ECONNREFUSED 54.91.215.131:11379","stack":"Error: Redis connection to redis-11379.c11.us-east-1-2.ec2.cloud.redislabs.com:11379 failed - connect ECONNREFUSED 54.91.215.131:11379\n    at Object.exports._errnoException (util.js:1008:11)\n    at exports._exceptionWithHostPort (util.js:1031:20)\n    at TCPConnectWrap.afterConnect [as oncomplete] (net.js:1080:14)","code":"ECONNREFUSED","errno":"ECONNREFUSED","syscall":"connect","address":"54.91.215.131","port":11379,"level":"warn","timestamp":"2018-04-13T06:39:08.755Z"}
{"level":"warn","message":"Connection to redislab couldn't be established","timestamp":"2018-04-13T06:39:08.757Z"}
{"level":"info","message":"Setting up sockets","timestamp":"2018-04-13T06:39:08.767Z"}
{"level":"warn","message":"Couldn't connect to mlab.com. Fallback to local mongodb","timestamp":"2018-04-13T06:39:09.209Z"}
{"level":"info","message":"Connection to local mongodb succeeded","timestamp":"2018-04-13T06:39:09.237Z"}
{"level":"info","message":"Setting up handlebars","timestamp":"2018-04-13T06:39:09.238Z"}
{"level":"info","message":"Initializing express application","timestamp":"2018-04-13T06:39:09.302Z"}
{"level":"info","message":"Server started and ready","timestamp":"2018-04-13T06:39:09.393Z"}
{"level":"error","message":"New user in chat not in database","timestamp":"2018-04-13T06:39:14.863Z"}
{"level":"error","message":"New user in chat not in database","timestamp":"2018-04-13T06:40:44.936Z"}
{"level":"error","message":"Logout user with sessionId xFkgrKC0keYn7KU52uRU29VbE7ZZVFNp failed on database update.","timestamp":"2018-04-13T06:40:48.280Z"}
{"level":"error","message":"Logout user with sessionId xFkgrKC0keYn7KU52uRU29VbE7ZZVFNp failed on database update.","timestamp":"2018-04-13T06:40:57.848Z"}
{"level":"info","message":"Setting up App","timestamp":"2018-04-13T06:42:47.675Z"}
{"level":"warn","message":"Certificates ca-file not loaded","timestamp":"2018-04-13T06:42:47.683Z"}
{"level":"info","message":"Setting up Server","timestamp":"2018-04-13T06:42:47.681Z"}
{"level":"info","message":"Using https","timestamp":"2018-04-13T06:42:47.688Z"}
{"level":"info","message":"Setting up storage for sessions","timestamp":"2018-04-13T06:42:47.804Z"}
{"level":"warn","message":"Connection to redislabs could'nt be established","timestamp":"2018-04-13T06:42:47.882Z"}
{"message":"Redis connection to redis-11379.c11.us-east-1-2.ec2.cloud.redislabs.com:11379 failed - connect ECONNREFUSED 54.91.215.131:11379","stack":"Error: Redis connection to redis-11379.c11.us-east-1-2.ec2.cloud.redislabs.com:11379 failed - connect ECONNREFUSED 54.91.215.131:11379\n    at Object.exports._errnoException (util.js:1008:11)\n    at exports._exceptionWithHostPort (util.js:1031:20)\n    at TCPConnectWrap.afterConnect [as oncomplete] (net.js:1080:14)","code":"ECONNREFUSED","errno":"ECONNREFUSED","syscall":"connect","address":"54.91.215.131","port":11379,"level":"warn","timestamp":"2018-04-13T06:42:47.883Z"}
{"level":"warn","message":"Connection to redislab couldn't be established","timestamp":"2018-04-13T06:42:47.885Z"}
{"level":"info","message":"Setting up sockets","timestamp":"2018-04-13T06:42:47.897Z"}
{"level":"warn","message":"Couldn't connect to mlab.com. Fallback to local mongodb","timestamp":"2018-04-13T06:42:48.338Z"}
{"level":"info","message":"Connection to local mongodb succeeded","timestamp":"2018-04-13T06:42:48.360Z"}
{"level":"info","message":"Setting up handlebars","timestamp":"2018-04-13T06:42:48.361Z"}
{"level":"info","message":"Initializing express application","timestamp":"2018-04-13T06:42:48.427Z"}
{"level":"info","message":"Server started and ready","timestamp":"2018-04-13T06:42:48.519Z"}
{"level":"info","message":"Setting up App","timestamp":"2018-04-13T06:47:49.716Z"}
{"level":"warn","message":"Certificates ca-file not loaded","timestamp":"2018-04-13T06:47:49.724Z"}
{"level":"info","message":"Setting up Server","timestamp":"2018-04-13T06:47:49.723Z"}
{"level":"info","message":"Using https","timestamp":"2018-04-13T06:47:49.730Z"}
{"level":"info","message":"Setting up storage for sessions","timestamp":"2018-04-13T06:47:49.845Z"}
{"level":"warn","message":"Connection to redislabs could'nt be established","timestamp":"2018-04-13T06:47:50.051Z"}
{"message":"Redis connection to redis-11379.c11.us-east-1-2.ec2.cloud.redislabs.com:11379 failed - connect ECONNREFUSED 54.91.215.131:11379","stack":"Error: Redis connection to redis-11379.c11.us-east-1-2.ec2.cloud.redislabs.com:11379 failed - connect ECONNREFUSED 54.91.215.131:11379\n    at Object.exports._errnoException (util.js:1008:11)\n    at exports._exceptionWithHostPort (util.js:1031:20)\n    at TCPConnectWrap.afterConnect [as oncomplete] (net.js:1080:14)","code":"ECONNREFUSED","errno":"ECONNREFUSED","syscall":"connect","address":"54.91.215.131","port":11379,"level":"warn","timestamp":"2018-04-13T06:47:50.051Z"}
{"level":"warn","message":"Connection to redislab couldn't be established","timestamp":"2018-04-13T06:47:50.053Z"}
{"level":"info","message":"Setting up sockets","timestamp":"2018-04-13T06:47:50.064Z"}
{"level":"warn","message":"Couldn't connect to mlab.com. Fallback to local mongodb","timestamp":"2018-04-13T06:47:50.497Z"}
{"level":"info","message":"Connection to local mongodb succeeded","timestamp":"2018-04-13T06:47:50.539Z"}
{"level":"info","message":"Setting up handlebars","timestamp":"2018-04-13T06:47:50.540Z"}
{"level":"info","message":"Initializing express application","timestamp":"2018-04-13T06:47:50.607Z"}
{"level":"info","message":"Server started and ready","timestamp":"2018-04-13T06:47:50.699Z"}
{"level":"error","message":"Logout user with sessionId ByRc2jgqQfUisLzdScp3YGAEhqcj64ll failed on database update.","timestamp":"2018-04-13T06:50:59.519Z"}
{"level":"error","message":"Logout user with sessionId ByRc2jgqQfUisLzdScp3YGAEhqcj64ll failed on database update.","timestamp":"2018-04-13T06:51:31.673Z"}
{"level":"error","message":"Logout user with sessionId ByRc2jgqQfUisLzdScp3YGAEhqcj64ll failed on database update.","timestamp":"2018-04-13T06:53:12.307Z"}
{"level":"error","message":"Logout user with sessionId xFkgrKC0keYn7KU52uRU29VbE7ZZVFNp failed on database update.","timestamp":"2018-04-13T06:53:32.719Z"}
{"level":"error","message":"New user in chat not in database","timestamp":"2018-04-13T06:54:44.192Z"}
{"level":"error","message":"Logout user with sessionId xFkgrKC0keYn7KU52uRU29VbE7ZZVFNp failed on database update.","timestamp":"2018-04-13T06:55:00.402Z"}
{"level":"error","message":"Logout user with sessionId 89TOIqL34lH8rCvI0N-HAnf0NYUsw-GM failed on database update.","timestamp":"2018-04-13T06:55:34.759Z"}
{"level":"error","message":"New user in chat not in database","timestamp":"2018-04-13T07:19:26.811Z"}
{"level":"error","message":"Logout user with sessionId ByRc2jgqQfUisLzdScp3YGAEhqcj64ll failed on database update.","timestamp":"2018-04-13T07:19:30.903Z"}
{"level":"error","message":"New user in chat not in database","timestamp":"2018-04-13T07:20:21.312Z"}
{"level":"error","message":"Logout user with sessionId ByRc2jgqQfUisLzdScp3YGAEhqcj64ll failed on database update.","timestamp":"2018-04-13T07:20:25.994Z"}
{"level":"error","message":"Logout user with sessionId TTMeKgqdjXoyJ9VlMsYYK83l3MSkX80k failed on database update.","timestamp":"2018-04-13T07:22:19.390Z"}
{"level":"error","message":"New user in chat not in database","timestamp":"2018-04-13T07:23:29.497Z"}
{"level":"error","message":"Logout user with sessionId ByRc2jgqQfUisLzdScp3YGAEhqcj64ll failed on database update.","timestamp":"2018-04-13T07:23:31.839Z"}
{"level":"error","message":"Logout user with sessionId O0fdhwNo0HFcsGUvSrf_t-EGA7G12-xz failed on database update.","timestamp":"2018-04-13T07:23:36.425Z"}
{"level":"info","message":"Setting up App","timestamp":"2018-04-13T08:06:00.112Z"}
{"level":"warn","message":"Certificates ca-file not loaded","timestamp":"2018-04-13T08:06:00.122Z"}
{"level":"info","message":"Setting up Server","timestamp":"2018-04-13T08:06:00.120Z"}
{"level":"info","message":"Using https","timestamp":"2018-04-13T08:06:00.127Z"}
{"level":"info","message":"Setting up storage for sessions","timestamp":"2018-04-13T08:06:00.300Z"}
{"level":"warn","message":"Connection to redislabs could'nt be established","timestamp":"2018-04-13T08:06:00.516Z"}
{"message":"Redis connection to redis-11379.c11.us-east-1-2.ec2.cloud.redislabs.com:11379 failed - connect ECONNREFUSED 54.91.215.131:11379","stack":"Error: Redis connection to redis-11379.c11.us-east-1-2.ec2.cloud.redislabs.com:11379 failed - connect ECONNREFUSED 54.91.215.131:11379\n    at Object.exports._errnoException (util.js:1008:11)\n    at exports._exceptionWithHostPort (util.js:1031:20)\n    at TCPConnectWrap.afterConnect [as oncomplete] (net.js:1080:14)","code":"ECONNREFUSED","errno":"ECONNREFUSED","syscall":"connect","address":"54.91.215.131","port":11379,"level":"warn","timestamp":"2018-04-13T08:06:00.516Z"}
{"level":"warn","message":"Connection to redislab couldn't be established","timestamp":"2018-04-13T08:06:00.518Z"}
{"level":"info","message":"Setting up sockets","timestamp":"2018-04-13T08:06:00.537Z"}
{"level":"warn","message":"Couldn't connect to mlab.com. Fallback to local mongodb","timestamp":"2018-04-13T08:06:01.155Z"}
{"level":"info","message":"Connection to local mongodb succeeded","timestamp":"2018-04-13T08:06:01.180Z"}
{"level":"info","message":"Setting up handlebars","timestamp":"2018-04-13T08:06:01.181Z"}
{"level":"info","message":"Initializing express application","timestamp":"2018-04-13T08:06:01.270Z"}
{"level":"info","message":"Server started and ready","timestamp":"2018-04-13T08:06:01.424Z"}
{"date":"Tue Apr 17 2018 11:50:10 GMT+0200 (CEST)","process":{"pid":15120,"uid":504,"gid":20,"cwd":"/Users/fh/git/CCChat/app","execPath":"/usr/local/Cellar/node/6.3.0/bin/node","version":"v6.3.0","argv":["/usr/local/Cellar/node/6.3.0/bin/node","/Users/fh/git/CCChat/app/modules/config.js"],"memoryUsage":{"rss":25174016,"heapTotal":12578816,"heapUsed":7374488}},"os":{"loadavg":[1.283203125,1.24267578125,1.341796875],"uptime":352613},"trace":[{"column":15,"file":"module.js","function":"Module._resolveFilename","line":440,"method":"_resolveFilename","native":false},{"column":25,"file":"module.js","function":"Module._load","line":388,"method":"_load","native":false},{"column":17,"file":"module.js","function":"Module.require","line":468,"method":"require","native":false},{"column":19,"file":"internal/module.js","function":"require","line":20,"method":null,"native":false},{"column":18,"file":"/Users/fh/git/CCChat/app/modules/config.js","function":null,"line":7,"method":null,"native":false},{"column":32,"file":"module.js","function":"Module._compile","line":541,"method":"_compile","native":false},{"column":10,"file":"module.js","function":"Module._extensions..js","line":550,"method":".js","native":false},{"column":32,"file":"module.js","function":"Module.load","line":458,"method":"load","native":false},{"column":12,"file":"module.js","function":"tryModuleLoad","line":417,"method":null,"native":false},{"column":3,"file":"module.js","function":"Module._load","line":409,"method":"_load","native":false}],"stack":["Error: Cannot find module 'secure-conf'","    at Function.Module._resolveFilename (module.js:440:15)","    at Function.Module._load (module.js:388:25)","    at Module.require (module.js:468:17)","    at require (internal/module.js:20:19)","    at Object.<anonymous> (/Users/fh/git/CCChat/app/modules/config.js:7:18)","    at Module._compile (module.js:541:32)","    at Object.Module._extensions..js (module.js:550:10)","    at Module.load (module.js:458:32)","    at tryModuleLoad (module.js:417:12)","    at Function.Module._load (module.js:409:3)"],"level":"error","message":"uncaughtException: Cannot find module 'secure-conf'","timestamp":"2018-04-17T09:50:10.575Z"}
{"date":"Tue Apr 17 2018 11:50:10 GMT+0200 (CEST)","process":{"pid":15120,"uid":504,"gid":20,"cwd":"/Users/fh/git/CCChat/app","execPath":"/usr/local/Cellar/node/6.3.0/bin/node","version":"v6.3.0","argv":["/usr/local/Cellar/node/6.3.0/bin/node","/Users/fh/git/CCChat/app/modules/config.js"],"memoryUsage":{"rss":25821184,"heapTotal":12578816,"heapUsed":7935056}},"os":{"loadavg":[1.283203125,1.24267578125,1.341796875],"uptime":352613},"trace":[{"column":15,"file":"module.js","function":"Module._resolveFilename","line":440,"method":"_resolveFilename","native":false},{"column":25,"file":"module.js","function":"Module._load","line":388,"method":"_load","native":false},{"column":17,"file":"module.js","function":"Module.require","line":468,"method":"require","native":false},{"column":19,"file":"internal/module.js","function":"require","line":20,"method":null,"native":false},{"column":18,"file":"/Users/fh/git/CCChat/app/modules/config.js","function":null,"line":7,"method":null,"native":false},{"column":32,"file":"module.js","function":"Module._compile","line":541,"method":"_compile","native":false},{"column":10,"file":"module.js","function":"Module._extensions..js","line":550,"method":".js","native":false},{"column":32,"file":"module.js","function":"Module.load","line":458,"method":"load","native":false},{"column":12,"file":"module.js","function":"tryModuleLoad","line":417,"method":null,"native":false},{"column":3,"file":"module.js","function":"Module._load","line":409,"method":"_load","native":false}],"stack":["Error: Cannot find module 'secure-conf'","    at Function.Module._resolveFilename (module.js:440:15)","    at Function.Module._load (module.js:388:25)","    at Module.require (module.js:468:17)","    at require (internal/module.js:20:19)","    at Object.<anonymous> (/Users/fh/git/CCChat/app/modules/config.js:7:18)","    at Module._compile (module.js:541:32)","    at Object.Module._extensions..js (module.js:550:10)","    at Module.load (module.js:458:32)","    at tryModuleLoad (module.js:417:12)","    at Function.Module._load (module.js:409:3)"],"level":"error","message":"uncaughtException: Cannot find module 'secure-conf'","timestamp":"2018-04-17T09:50:10.584Z"}
{"date":"Tue Apr 17 2018 11:50:10 GMT+0200 (CEST)","process":{"pid":15120,"uid":504,"gid":20,"cwd":"/Users/fh/git/CCChat/app","execPath":"/usr/local/Cellar/node/6.3.0/bin/node","version":"v6.3.0","argv":["/usr/local/Cellar/node/6.3.0/bin/node","/Users/fh/git/CCChat/app/modules/config.js"],"memoryUsage":{"rss":26398720,"heapTotal":12578816,"heapUsed":7088848}},"os":{"loadavg":[1.283203125,1.24267578125,1.341796875],"uptime":352613},"trace":[{"column":15,"file":"module.js","function":"Module._resolveFilename","line":440,"method":"_resolveFilename","native":false},{"column":25,"file":"module.js","function":"Module._load","line":388,"method":"_load","native":false},{"column":17,"file":"module.js","function":"Module.require","line":468,"method":"require","native":false},{"column":19,"file":"internal/module.js","function":"require","line":20,"method":null,"native":false},{"column":18,"file":"/Users/fh/git/CCChat/app/modules/config.js","function":null,"line":7,"method":null,"native":false},{"column":32,"file":"module.js","function":"Module._compile","line":541,"method":"_compile","native":false},{"column":10,"file":"module.js","function":"Module._extensions..js","line":550,"method":".js","native":false},{"column":32,"file":"module.js","function":"Module.load","line":458,"method":"load","native":false},{"column":12,"file":"module.js","function":"tryModuleLoad","line":417,"method":null,"native":false},{"column":3,"file":"module.js","function":"Module._load","line":409,"method":"_load","native":false}],"stack":["Error: Cannot find module 'secure-conf'","    at Function.Module._resolveFilename (module.js:440:15)","    at Function.Module._load (module.js:388:25)","    at Module.require (module.js:468:17)","    at require (internal/module.js:20:19)","    at Object.<anonymous> (/Users/fh/git/CCChat/app/modules/config.js:7:18)","    at Module._compile (module.js:541:32)","    at Object.Module._extensions..js (module.js:550:10)","    at Module.load (module.js:458:32)","    at tryModuleLoad (module.js:417:12)","    at Function.Module._load (module.js:409:3)"],"level":"error","message":"uncaughtException: Cannot find module 'secure-conf'","timestamp":"2018-04-17T09:50:10.587Z"}
{"date":"Tue Apr 17 2018 11:50:10 GMT+0200 (CEST)","process":{"pid":15120,"uid":504,"gid":20,"cwd":"/Users/fh/git/CCChat/app","execPath":"/usr/local/Cellar/node/6.3.0/bin/node","version":"v6.3.0","argv":["/usr/local/Cellar/node/6.3.0/bin/node","/Users/fh/git/CCChat/app/modules/config.js"],"memoryUsage":{"rss":26406912,"heapTotal":12578816,"heapUsed":7352064}},"os":{"loadavg":[1.283203125,1.24267578125,1.341796875],"uptime":352613},"trace":[{"column":15,"file":"module.js","function":"Module._resolveFilename","line":440,"method":"_resolveFilename","native":false},{"column":25,"file":"module.js","function":"Module._load","line":388,"method":"_load","native":false},{"column":17,"file":"module.js","function":"Module.require","line":468,"method":"require","native":false},{"column":19,"file":"internal/module.js","function":"require","line":20,"method":null,"native":false},{"column":18,"file":"/Users/fh/git/CCChat/app/modules/config.js","function":null,"line":7,"method":null,"native":false},{"column":32,"file":"module.js","function":"Module._compile","line":541,"method":"_compile","native":false},{"column":10,"file":"module.js","function":"Module._extensions..js","line":550,"method":".js","native":false},{"column":32,"file":"module.js","function":"Module.load","line":458,"method":"load","native":false},{"column":12,"file":"module.js","function":"tryModuleLoad","line":417,"method":null,"native":false},{"column":3,"file":"module.js","function":"Module._load","line":409,"method":"_load","native":false}],"stack":["Error: Cannot find module 'secure-conf'","    at Function.Module._resolveFilename (module.js:440:15)","    at Function.Module._load (module.js:388:25)","    at Module.require (module.js:468:17)","    at require (internal/module.js:20:19)","    at Object.<anonymous> (/Users/fh/git/CCChat/app/modules/config.js:7:18)","    at Module._compile (module.js:541:32)","    at Object.Module._extensions..js (module.js:550:10)","    at Module.load (module.js:458:32)","    at tryModuleLoad (module.js:417:12)","    at Function.Module._load (module.js:409:3)"],"level":"error","message":"uncaughtException: Cannot find module 'secure-conf'","timestamp":"2018-04-17T09:50:10.588Z"}
{"date":"Tue Apr 17 2018 11:50:10 GMT+0200 (CEST)","process":{"pid":15120,"uid":504,"gid":20,"cwd":"/Users/fh/git/CCChat/app","execPath":"/usr/local/Cellar/node/6.3.0/bin/node","version":"v6.3.0","argv":["/usr/local/Cellar/node/6.3.0/bin/node","/Users/fh/git/CCChat/app/modules/config.js"],"memoryUsage":{"rss":26419200,"heapTotal":12578816,"heapUsed":7619904}},"os":{"loadavg":[1.283203125,1.24267578125,1.341796875],"uptime":352613},"trace":[{"column":15,"file":"module.js","function":"Module._resolveFilename","line":440,"method":"_resolveFilename","native":false},{"column":25,"file":"module.js","function":"Module._load","line":388,"method":"_load","native":false},{"column":17,"file":"module.js","function":"Module.require","line":468,"method":"require","native":false},{"column":19,"file":"internal/module.js","function":"require","line":20,"method":null,"native":false},{"column":18,"file":"/Users/fh/git/CCChat/app/modules/config.js","function":null,"line":7,"method":null,"native":false},{"column":32,"file":"module.js","function":"Module._compile","line":541,"method":"_compile","native":false},{"column":10,"file":"module.js","function":"Module._extensions..js","line":550,"method":".js","native":false},{"column":32,"file":"module.js","function":"Module.load","line":458,"method":"load","native":false},{"column":12,"file":"module.js","function":"tryModuleLoad","line":417,"method":null,"native":false},{"column":3,"file":"module.js","function":"Module._load","line":409,"method":"_load","native":false}],"stack":["Error: Cannot find module 'secure-conf'","    at Function.Module._resolveFilename (module.js:440:15)","    at Function.Module._load (module.js:388:25)","    at Module.require (module.js:468:17)","    at require (internal/module.js:20:19)","    at Object.<anonymous> (/Users/fh/git/CCChat/app/modules/config.js:7:18)","    at Module._compile (module.js:541:32)","    at Object.Module._extensions..js (module.js:550:10)","    at Module.load (module.js:458:32)","    at tryModuleLoad (module.js:417:12)","    at Function.Module._load (module.js:409:3)"],"level":"error","message":"uncaughtException: Cannot find module 'secure-conf'","timestamp":"2018-04-17T09:50:10.589Z"}
{"date":"Tue Apr 17 2018 11:50:10 GMT+0200 (CEST)","process":{"pid":15120,"uid":504,"gid":20,"cwd":"/Users/fh/git/CCChat/app","execPath":"/usr/local/Cellar/node/6.3.0/bin/node","version":"v6.3.0","argv":["/usr/local/Cellar/node/6.3.0/bin/node","/Users/fh/git/CCChat/app/modules/config.js"],"memoryUsage":{"rss":26439680,"heapTotal":12578816,"heapUsed":7888224}},"os":{"loadavg":[1.283203125,1.24267578125,1.341796875],"uptime":352613},"trace":[{"column":15,"file":"module.js","function":"Module._resolveFilename","line":440,"method":"_resolveFilename","native":false},{"column":25,"file":"module.js","function":"Module._load","line":388,"method":"_load","native":false},{"column":17,"file":"module.js","function":"Module.require","line":468,"method":"require","native":false},{"column":19,"file":"internal/module.js","function":"require","line":20,"method":null,"native":false},{"column":18,"file":"/Users/fh/git/CCChat/app/modules/config.js","function":null,"line":7,"method":null,"native":false},{"column":32,"file":"module.js","function":"Module._compile","line":541,"method":"_compile","native":false},{"column":10,"file":"module.js","function":"Module._extensions..js","line":550,"method":".js","native":false},{"column":32,"file":"module.js","function":"Module.load","line":458,"method":"load","native":false},{"column":12,"file":"module.js","function":"tryModuleLoad","line":417,"method":null,"native":false},{"column":3,"file":"module.js","function":"Module._load","line":409,"method":"_load","native":false}],"stack":["Error: Cannot find module 'secure-conf'","    at Function.Module._resolveFilename (module.js:440:15)","    at Function.Module._load (module.js:388:25)","    at Module.require (module.js:468:17)","    at require (internal/module.js:20:19)","    at Object.<anonymous> (/Users/fh/git/CCChat/app/modules/config.js:7:18)","    at Module._compile (module.js:541:32)","    at Object.Module._extensions..js (module.js:550:10)","    at Module.load (module.js:458:32)","    at tryModuleLoad (module.js:417:12)","    at Function.Module._load (module.js:409:3)"],"level":"error","message":"uncaughtException: Cannot find module 'secure-conf'","timestamp":"2018-04-17T09:50:10.590Z"}
{"date":"Tue Apr 17 2018 12:33:09 GMT+0200 (CEST)","process":{"pid":15639,"uid":504,"gid":20,"cwd":"/Users/fh/git/CCChat/app","execPath":"/usr/local/Cellar/node/6.3.0/bin/node","version":"v6.3.0","argv":["/usr/local/Cellar/node/6.3.0/bin/node"],"memoryUsage":{"rss":25444352,"heapTotal":12578816,"heapUsed":7766984}},"os":{"loadavg":[1.2119140625,1.251953125,1.2529296875],"uptime":355159},"trace":[{"column":13,"file":"/Users/fh/git/CCChat/app/node_modules/secure-conf/index.js","function":null,"line":58,"method":null,"native":false},{"column":17,"file":"/Users/fh/git/CCChat/app/node_modules/pw/index.js","function":"ReadStream.ondata","line":85,"method":"ondata","native":false},{"column":13,"file":"events.js","function":"emitOne","line":96,"method":null,"native":false},{"column":7,"file":"events.js","function":"ReadStream.emit","line":188,"method":"emit","native":false},{"column":18,"file":"_stream_readable.js","function":"readableAddChunk","line":177,"method":null,"native":false},{"column":10,"file":"_stream_readable.js","function":"ReadStream.Readable.push","line":135,"method":"push","native":false},{"column":20,"file":"net.js","function":"TTY.onread","line":542,"method":"onread","native":false}],"stack":["TypeError: callback is not a function","    at /Users/fh/git/CCChat/app/node_modules/secure-conf/index.js:58:13","    at ReadStream.ondata (/Users/fh/git/CCChat/app/node_modules/pw/index.js:85:17)","    at emitOne (events.js:96:13)","    at ReadStream.emit (events.js:188:7)","    at readableAddChunk (_stream_readable.js:177:18)","    at ReadStream.Readable.push (_stream_readable.js:135:10)","    at TTY.onread (net.js:542:20)"],"level":"error","message":"uncaughtException: callback is not a function","timestamp":"2018-04-17T10:33:09.285Z"}
{"date":"Tue Apr 17 2018 12:33:09 GMT+0200 (CEST)","process":{"pid":15639,"uid":504,"gid":20,"cwd":"/Users/fh/git/CCChat/app","execPath":"/usr/local/Cellar/node/6.3.0/bin/node","version":"v6.3.0","argv":["/usr/local/Cellar/node/6.3.0/bin/node"],"memoryUsage":{"rss":24387584,"heapTotal":9433088,"heapUsed":7125296}},"os":{"loadavg":[1.2119140625,1.251953125,1.2529296875],"uptime":355159},"trace":[{"column":13,"file":"/Users/fh/git/CCChat/app/node_modules/secure-conf/index.js","function":null,"line":58,"method":null,"native":false},{"column":17,"file":"/Users/fh/git/CCChat/app/node_modules/pw/index.js","function":"ReadStream.ondata","line":85,"method":"ondata","native":false},{"column":13,"file":"events.js","function":"emitOne","line":96,"method":null,"native":false},{"column":7,"file":"events.js","function":"ReadStream.emit","line":188,"method":"emit","native":false},{"column":18,"file":"_stream_readable.js","function":"readableAddChunk","line":177,"method":null,"native":false},{"column":10,"file":"_stream_readable.js","function":"ReadStream.Readable.push","line":135,"method":"push","native":false},{"column":20,"file":"net.js","function":"TTY.onread","line":542,"method":"onread","native":false}],"stack":["TypeError: callback is not a function","    at /Users/fh/git/CCChat/app/node_modules/secure-conf/index.js:58:13","    at ReadStream.ondata (/Users/fh/git/CCChat/app/node_modules/pw/index.js:85:17)","    at emitOne (events.js:96:13)","    at ReadStream.emit (events.js:188:7)","    at readableAddChunk (_stream_readable.js:177:18)","    at ReadStream.Readable.push (_stream_readable.js:135:10)","    at TTY.onread (net.js:542:20)"],"level":"error","message":"uncaughtException: callback is not a function","timestamp":"2018-04-17T10:33:09.295Z"}
{"date":"Tue Apr 17 2018 12:33:09 GMT+0200 (CEST)","process":{"pid":15639,"uid":504,"gid":20,"cwd":"/Users/fh/git/CCChat/app","execPath":"/usr/local/Cellar/node/6.3.0/bin/node","version":"v6.3.0","argv":["/usr/local/Cellar/node/6.3.0/bin/node"],"memoryUsage":{"rss":24412160,"heapTotal":9433088,"heapUsed":7360704}},"os":{"loadavg":[1.2119140625,1.251953125,1.2529296875],"uptime":355159},"trace":[{"column":13,"file":"/Users/fh/git/CCChat/app/node_modules/secure-conf/index.js","function":null,"line":58,"method":null,"native":false},{"column":17,"file":"/Users/fh/git/CCChat/app/node_modules/pw/index.js","function":"ReadStream.ondata","line":85,"method":"ondata","native":false},{"column":13,"file":"events.js","function":"emitOne","line":96,"method":null,"native":false},{"column":7,"file":"events.js","function":"ReadStream.emit","line":188,"method":"emit","native":false},{"column":18,"file":"_stream_readable.js","function":"readableAddChunk","line":177,"method":null,"native":false},{"column":10,"file":"_stream_readable.js","function":"ReadStream.Readable.push","line":135,"method":"push","native":false},{"column":20,"file":"net.js","function":"TTY.onread","line":542,"method":"onread","native":false}],"stack":["TypeError: callback is not a function","    at /Users/fh/git/CCChat/app/node_modules/secure-conf/index.js:58:13","    at ReadStream.ondata (/Users/fh/git/CCChat/app/node_modules/pw/index.js:85:17)","    at emitOne (events.js:96:13)","    at ReadStream.emit (events.js:188:7)","    at readableAddChunk (_stream_readable.js:177:18)","    at ReadStream.Readable.push (_stream_readable.js:135:10)","    at TTY.onread (net.js:542:20)"],"level":"error","message":"uncaughtException: callback is not a function","timestamp":"2018-04-17T10:33:09.296Z"}
{"date":"Tue Apr 17 2018 12:33:09 GMT+0200 (CEST)","process":{"pid":15639,"uid":504,"gid":20,"cwd":"/Users/fh/git/CCChat/app","execPath":"/usr/local/Cellar/node/6.3.0/bin/node","version":"v6.3.0","argv":["/usr/local/Cellar/node/6.3.0/bin/node"],"memoryUsage":{"rss":24416256,"heapTotal":9433088,"heapUsed":7570152}},"os":{"loadavg":[1.2119140625,1.251953125,1.2529296875],"uptime":355159},"trace":[{"column":13,"file":"/Users/fh/git/CCChat/app/node_modules/secure-conf/index.js","function":null,"line":58,"method":null,"native":false},{"column":17,"file":"/Users/fh/git/CCChat/app/node_modules/pw/index.js","function":"ReadStream.ondata","line":85,"method":"ondata","native":false},{"column":13,"file":"events.js","function":"emitOne","line":96,"method":null,"native":false},{"column":7,"file":"events.js","function":"ReadStream.emit","line":188,"method":"emit","native":false},{"column":18,"file":"_stream_readable.js","function":"readableAddChunk","line":177,"method":null,"native":false},{"column":10,"file":"_stream_readable.js","function":"ReadStream.Readable.push","line":135,"method":"push","native":false},{"column":20,"file":"net.js","function":"TTY.onread","line":542,"method":"onread","native":false}],"stack":["TypeError: callback is not a function","    at /Users/fh/git/CCChat/app/node_modules/secure-conf/index.js:58:13","    at ReadStream.ondata (/Users/fh/git/CCChat/app/node_modules/pw/index.js:85:17)","    at emitOne (events.js:96:13)","    at ReadStream.emit (events.js:188:7)","    at readableAddChunk (_stream_readable.js:177:18)","    at ReadStream.Readable.push (_stream_readable.js:135:10)","    at TTY.onread (net.js:542:20)"],"level":"error","message":"uncaughtException: callback is not a function","timestamp":"2018-04-17T10:33:09.297Z"}
{"date":"Tue Apr 17 2018 12:33:09 GMT+0200 (CEST)","process":{"pid":15639,"uid":504,"gid":20,"cwd":"/Users/fh/git/CCChat/app","execPath":"/usr/local/Cellar/node/6.3.0/bin/node","version":"v6.3.0","argv":["/usr/local/Cellar/node/6.3.0/bin/node"],"memoryUsage":{"rss":24076288,"heapTotal":10481664,"heapUsed":7284232}},"os":{"loadavg":[1.2119140625,1.251953125,1.2529296875],"uptime":355159},"trace":[{"column":13,"file":"/Users/fh/git/CCChat/app/node_modules/secure-conf/index.js","function":null,"line":58,"method":null,"native":false},{"column":17,"file":"/Users/fh/git/CCChat/app/node_modules/pw/index.js","function":"ReadStream.ondata","line":85,"method":"ondata","native":false},{"column":13,"file":"events.js","function":"emitOne","line":96,"method":null,"native":false},{"column":7,"file":"events.js","function":"ReadStream.emit","line":188,"method":"emit","native":false},{"column":18,"file":"_stream_readable.js","function":"readableAddChunk","line":177,"method":null,"native":false},{"column":10,"file":"_stream_readable.js","function":"ReadStream.Readable.push","line":135,"method":"push","native":false},{"column":20,"file":"net.js","function":"TTY.onread","line":542,"method":"onread","native":false}],"stack":["TypeError: callback is not a function","    at /Users/fh/git/CCChat/app/node_modules/secure-conf/index.js:58:13","    at ReadStream.ondata (/Users/fh/git/CCChat/app/node_modules/pw/index.js:85:17)","    at emitOne (events.js:96:13)","    at ReadStream.emit (events.js:188:7)","    at readableAddChunk (_stream_readable.js:177:18)","    at ReadStream.Readable.push (_stream_readable.js:135:10)","    at TTY.onread (net.js:542:20)"],"level":"error","message":"uncaughtException: callback is not a function","timestamp":"2018-04-17T10:33:09.299Z"}
{"date":"Tue Apr 17 2018 12:33:09 GMT+0200 (CEST)","process":{"pid":15639,"uid":504,"gid":20,"cwd":"/Users/fh/git/CCChat/app","execPath":"/usr/local/Cellar/node/6.3.0/bin/node","version":"v6.3.0","argv":["/usr/local/Cellar/node/6.3.0/bin/node"],"memoryUsage":{"rss":24289280,"heapTotal":10481664,"heapUsed":7500992}},"os":{"loadavg":[1.2119140625,1.251953125,1.2529296875],"uptime":355159},"trace":[{"column":13,"file":"/Users/fh/git/CCChat/app/node_modules/secure-conf/index.js","function":null,"line":58,"method":null,"native":false},{"column":17,"file":"/Users/fh/git/CCChat/app/node_modules/pw/index.js","function":"ReadStream.ondata","line":85,"method":"ondata","native":false},{"column":13,"file":"events.js","function":"emitOne","line":96,"method":null,"native":false},{"column":7,"file":"events.js","function":"ReadStream.emit","line":188,"method":"emit","native":false},{"column":18,"file":"_stream_readable.js","function":"readableAddChunk","line":177,"method":null,"native":false},{"column":10,"file":"_stream_readable.js","function":"ReadStream.Readable.push","line":135,"method":"push","native":false},{"column":20,"file":"net.js","function":"TTY.onread","line":542,"method":"onread","native":false}],"stack":["TypeError: callback is not a function","    at /Users/fh/git/CCChat/app/node_modules/secure-conf/index.js:58:13","    at ReadStream.ondata (/Users/fh/git/CCChat/app/node_modules/pw/index.js:85:17)","    at emitOne (events.js:96:13)","    at ReadStream.emit (events.js:188:7)","    at readableAddChunk (_stream_readable.js:177:18)","    at ReadStream.Readable.push (_stream_readable.js:135:10)","    at TTY.onread (net.js:542:20)"],"level":"error","message":"uncaughtException: callback is not a function","timestamp":"2018-04-17T10:33:09.300Z"}
{"level":"info","message":"Setting up App","timestamp":"2018-04-20T08:02:12.835Z"}
{"date":"Fri Apr 20 2018 10:15:31 GMT+0200 (CEST)","process":{"pid":8930,"uid":504,"gid":20,"cwd":"/Users/fh/git/CCChat/app/modules","execPath":"/usr/local/Cellar/node/6.3.0/bin/node","version":"v6.3.0","argv":["/usr/local/Cellar/node/6.3.0/bin/node"],"memoryUsage":{"rss":25423872,"heapTotal":11530240,"heapUsed":7626200}},"os":{"loadavg":[1.18701171875,1.28369140625,1.23876953125],"uptime":41415},"trace":[{"column":null,"file":null,"function":"Error","line":null,"method":null,"native":true},{"column":18,"file":"fs.js","function":"Object.fs.openSync","line":640,"method":"openSync","native":false},{"column":33,"file":"fs.js","function":"Object.fs.readFileSync","line":508,"method":"readFileSync","native":false},{"column":43,"file":"/Users/fh/git/CCChat/app/node_modules/secure-conf/index.js","function":null,"line":53,"method":null,"native":false},{"column":17,"file":"/Users/fh/git/CCChat/app/node_modules/pw/index.js","function":"ReadStream.ondata","line":85,"method":"ondata","native":false},{"column":13,"file":"events.js","function":"emitOne","line":96,"method":null,"native":false},{"column":7,"file":"events.js","function":"ReadStream.emit","line":188,"method":"emit","native":false},{"column":18,"file":"_stream_readable.js","function":"readableAddChunk","line":177,"method":null,"native":false},{"column":10,"file":"_stream_readable.js","function":"ReadStream.Readable.push","line":135,"method":"push","native":false},{"column":20,"file":"net.js","function":"TTY.onread","line":542,"method":"onread","native":false}],"stack":["Error: ENOENT: no such file or directory, open '/Users/fh/git/CCChat/app/config.json'","    at Error (native)","    at Object.fs.openSync (fs.js:640:18)","    at Object.fs.readFileSync (fs.js:508:33)","    at /Users/fh/git/CCChat/app/node_modules/secure-conf/index.js:53:43","    at ReadStream.ondata (/Users/fh/git/CCChat/app/node_modules/pw/index.js:85:17)","    at emitOne (events.js:96:13)","    at ReadStream.emit (events.js:188:7)","    at readableAddChunk (_stream_readable.js:177:18)","    at ReadStream.Readable.push (_stream_readable.js:135:10)","    at TTY.onread (net.js:542:20)"],"level":"error","message":"uncaughtException: ENOENT: no such file or directory, open '/Users/fh/git/CCChat/app/config.json'","timestamp":"2018-04-20T08:15:31.026Z"}
{"date":"Fri Apr 20 2018 10:15:31 GMT+0200 (CEST)","process":{"pid":8930,"uid":504,"gid":20,"cwd":"/Users/fh/git/CCChat/app/modules","execPath":"/usr/local/Cellar/node/6.3.0/bin/node","version":"v6.3.0","argv":["/usr/local/Cellar/node/6.3.0/bin/node"],"memoryUsage":{"rss":24621056,"heapTotal":9433088,"heapUsed":7351392}},"os":{"loadavg":[1.18701171875,1.28369140625,1.23876953125],"uptime":41415},"trace":[{"column":null,"file":null,"function":"Error","line":null,"method":null,"native":true},{"column":18,"file":"fs.js","function":"Object.fs.openSync","line":640,"method":"openSync","native":false},{"column":33,"file":"fs.js","function":"Object.fs.readFileSync","line":508,"method":"readFileSync","native":false},{"column":43,"file":"/Users/fh/git/CCChat/app/node_modules/secure-conf/index.js","function":null,"line":53,"method":null,"native":false},{"column":17,"file":"/Users/fh/git/CCChat/app/node_modules/pw/index.js","function":"ReadStream.ondata","line":85,"method":"ondata","native":false},{"column":13,"file":"events.js","function":"emitOne","line":96,"method":null,"native":false},{"column":7,"file":"events.js","function":"ReadStream.emit","line":188,"method":"emit","native":false},{"column":18,"file":"_stream_readable.js","function":"readableAddChunk","line":177,"method":null,"native":false},{"column":10,"file":"_stream_readable.js","function":"ReadStream.Readable.push","line":135,"method":"push","native":false},{"column":20,"file":"net.js","function":"TTY.onread","line":542,"method":"onread","native":false}],"stack":["Error: ENOENT: no such file or directory, open '/Users/fh/git/CCChat/app/config.json'","    at Error (native)","    at Object.fs.openSync (fs.js:640:18)","    at Object.fs.readFileSync (fs.js:508:33)","    at /Users/fh/git/CCChat/app/node_modules/secure-conf/index.js:53:43","    at ReadStream.ondata (/Users/fh/git/CCChat/app/node_modules/pw/index.js:85:17)","    at emitOne (events.js:96:13)","    at ReadStream.emit (events.js:188:7)","    at readableAddChunk (_stream_readable.js:177:18)","    at ReadStream.Readable.push (_stream_readable.js:135:10)","    at TTY.onread (net.js:542:20)"],"level":"error","message":"uncaughtException: ENOENT: no such file or directory, open '/Users/fh/git/CCChat/app/config.json'","timestamp":"2018-04-20T08:15:31.037Z"}
{"date":"Fri Apr 20 2018 10:15:31 GMT+0200 (CEST)","process":{"pid":8930,"uid":504,"gid":20,"cwd":"/Users/fh/git/CCChat/app/modules","execPath":"/usr/local/Cellar/node/6.3.0/bin/node","version":"v6.3.0","argv":["/usr/local/Cellar/node/6.3.0/bin/node"],"memoryUsage":{"rss":24637440,"heapTotal":9433088,"heapUsed":7635816}},"os":{"loadavg":[1.18701171875,1.28369140625,1.23876953125],"uptime":41415},"trace":[{"column":null,"file":null,"function":"Error","line":null,"method":null,"native":true},{"column":18,"file":"fs.js","function":"Object.fs.openSync","line":640,"method":"openSync","native":false},{"column":33,"file":"fs.js","function":"Object.fs.readFileSync","line":508,"method":"readFileSync","native":false},{"column":43,"file":"/Users/fh/git/CCChat/app/node_modules/secure-conf/index.js","function":null,"line":53,"method":null,"native":false},{"column":17,"file":"/Users/fh/git/CCChat/app/node_modules/pw/index.js","function":"ReadStream.ondata","line":85,"method":"ondata","native":false},{"column":13,"file":"events.js","function":"emitOne","line":96,"method":null,"native":false},{"column":7,"file":"events.js","function":"ReadStream.emit","line":188,"method":"emit","native":false},{"column":18,"file":"_stream_readable.js","function":"readableAddChunk","line":177,"method":null,"native":false},{"column":10,"file":"_stream_readable.js","function":"ReadStream.Readable.push","line":135,"method":"push","native":false},{"column":20,"file":"net.js","function":"TTY.onread","line":542,"method":"onread","native":false}],"stack":["Error: ENOENT: no such file or directory, open '/Users/fh/git/CCChat/app/config.json'","    at Error (native)","    at Object.fs.openSync (fs.js:640:18)","    at Object.fs.readFileSync (fs.js:508:33)","    at /Users/fh/git/CCChat/app/node_modules/secure-conf/index.js:53:43","    at ReadStream.ondata (/Users/fh/git/CCChat/app/node_modules/pw/index.js:85:17)","    at emitOne (events.js:96:13)","    at ReadStream.emit (events.js:188:7)","    at readableAddChunk (_stream_readable.js:177:18)","    at ReadStream.Readable.push (_stream_readable.js:135:10)","    at TTY.onread (net.js:542:20)"],"level":"error","message":"uncaughtException: ENOENT: no such file or directory, open '/Users/fh/git/CCChat/app/config.json'","timestamp":"2018-04-20T08:15:31.038Z"}
{"date":"Fri Apr 20 2018 10:15:31 GMT+0200 (CEST)","process":{"pid":8930,"uid":504,"gid":20,"cwd":"/Users/fh/git/CCChat/app/modules","execPath":"/usr/local/Cellar/node/6.3.0/bin/node","version":"v6.3.0","argv":["/usr/local/Cellar/node/6.3.0/bin/node"],"memoryUsage":{"rss":24371200,"heapTotal":10481664,"heapUsed":7418000}},"os":{"loadavg":[1.18701171875,1.28369140625,1.23876953125],"uptime":41415},"trace":[{"column":null,"file":null,"function":"Error","line":null,"method":null,"native":true},{"column":18,"file":"fs.js","function":"Object.fs.openSync","line":640,"method":"openSync","native":false},{"column":33,"file":"fs.js","function":"Object.fs.readFileSync","line":508,"method":"readFileSync","native":false},{"column":43,"file":"/Users/fh/git/CCChat/app/node_modules/secure-conf/index.js","function":null,"line":53,"method":null,"native":false},{"column":17,"file":"/Users/fh/git/CCChat/app/node_modules/pw/index.js","function":"ReadStream.ondata","line":85,"method":"ondata","native":false},{"column":13,"file":"events.js","function":"emitOne","line":96,"method":null,"native":false},{"column":7,"file":"events.js","function":"ReadStream.emit","line":188,"method":"emit","native":false},{"column":18,"file":"_stream_readable.js","function":"readableAddChunk","line":177,"method":null,"native":false},{"column":10,"file":"_stream_readable.js","function":"ReadStream.Readable.push","line":135,"method":"push","native":false},{"column":20,"file":"net.js","function":"TTY.onread","line":542,"method":"onread","native":false}],"stack":["Error: ENOENT: no such file or directory, open '/Users/fh/git/CCChat/app/config.json'","    at Error (native)","    at Object.fs.openSync (fs.js:640:18)","    at Object.fs.readFileSync (fs.js:508:33)","    at /Users/fh/git/CCChat/app/node_modules/secure-conf/index.js:53:43","    at ReadStream.ondata (/Users/fh/git/CCChat/app/node_modules/pw/index.js:85:17)","    at emitOne (events.js:96:13)","    at ReadStream.emit (events.js:188:7)","    at readableAddChunk (_stream_readable.js:177:18)","    at ReadStream.Readable.push (_stream_readable.js:135:10)","    at TTY.onread (net.js:542:20)"],"level":"error","message":"uncaughtException: ENOENT: no such file or directory, open '/Users/fh/git/CCChat/app/config.json'","timestamp":"2018-04-20T08:15:31.040Z"}
{"date":"Fri Apr 20 2018 10:15:31 GMT+0200 (CEST)","process":{"pid":8930,"uid":504,"gid":20,"cwd":"/Users/fh/git/CCChat/app/modules","execPath":"/usr/local/Cellar/node/6.3.0/bin/node","version":"v6.3.0","argv":["/usr/local/Cellar/node/6.3.0/bin/node"],"memoryUsage":{"rss":24711168,"heapTotal":10481664,"heapUsed":7692568}},"os":{"loadavg":[1.18701171875,1.28369140625,1.23876953125],"uptime":41415},"trace":[{"column":null,"file":null,"function":"Error","line":null,"method":null,"native":true},{"column":18,"file":"fs.js","function":"Object.fs.openSync","line":640,"method":"openSync","native":false},{"column":33,"file":"fs.js","function":"Object.fs.readFileSync","line":508,"method":"readFileSync","native":false},{"column":43,"file":"/Users/fh/git/CCChat/app/node_modules/secure-conf/index.js","function":null,"line":53,"method":null,"native":false},{"column":17,"file":"/Users/fh/git/CCChat/app/node_modules/pw/index.js","function":"ReadStream.ondata","line":85,"method":"ondata","native":false},{"column":13,"file":"events.js","function":"emitOne","line":96,"method":null,"native":false},{"column":7,"file":"events.js","function":"ReadStream.emit","line":188,"method":"emit","native":false},{"column":18,"file":"_stream_readable.js","function":"readableAddChunk","line":177,"method":null,"native":false},{"column":10,"file":"_stream_readable.js","function":"ReadStream.Readable.push","line":135,"method":"push","native":false},{"column":20,"file":"net.js","function":"TTY.onread","line":542,"method":"onread","native":false}],"stack":["Error: ENOENT: no such file or directory, open '/Users/fh/git/CCChat/app/config.json'","    at Error (native)","    at Object.fs.openSync (fs.js:640:18)","    at Object.fs.readFileSync (fs.js:508:33)","    at /Users/fh/git/CCChat/app/node_modules/secure-conf/index.js:53:43","    at ReadStream.ondata (/Users/fh/git/CCChat/app/node_modules/pw/index.js:85:17)","    at emitOne (events.js:96:13)","    at ReadStream.emit (events.js:188:7)","    at readableAddChunk (_stream_readable.js:177:18)","    at ReadStream.Readable.push (_stream_readable.js:135:10)","    at TTY.onread (net.js:542:20)"],"level":"error","message":"uncaughtException: ENOENT: no such file or directory, open '/Users/fh/git/CCChat/app/config.json'","timestamp":"2018-04-20T08:15:31.041Z"}
{"date":"Fri Apr 20 2018 10:15:31 GMT+0200 (CEST)","process":{"pid":8930,"uid":504,"gid":20,"cwd":"/Users/fh/git/CCChat/app/modules","execPath":"/usr/local/Cellar/node/6.3.0/bin/node","version":"v6.3.0","argv":["/usr/local/Cellar/node/6.3.0/bin/node"],"memoryUsage":{"rss":24973312,"heapTotal":10481664,"heapUsed":7962040}},"os":{"loadavg":[1.18701171875,1.28369140625,1.23876953125],"uptime":41415},"trace":[{"column":null,"file":null,"function":"Error","line":null,"method":null,"native":true},{"column":18,"file":"fs.js","function":"Object.fs.openSync","line":640,"method":"openSync","native":false},{"column":33,"file":"fs.js","function":"Object.fs.readFileSync","line":508,"method":"readFileSync","native":false},{"column":43,"file":"/Users/fh/git/CCChat/app/node_modules/secure-conf/index.js","function":null,"line":53,"method":null,"native":false},{"column":17,"file":"/Users/fh/git/CCChat/app/node_modules/pw/index.js","function":"ReadStream.ondata","line":85,"method":"ondata","native":false},{"column":13,"file":"events.js","function":"emitOne","line":96,"method":null,"native":false},{"column":7,"file":"events.js","function":"ReadStream.emit","line":188,"method":"emit","native":false},{"column":18,"file":"_stream_readable.js","function":"readableAddChunk","line":177,"method":null,"native":false},{"column":10,"file":"_stream_readable.js","function":"ReadStream.Readable.push","line":135,"method":"push","native":false},{"column":20,"file":"net.js","function":"TTY.onread","line":542,"method":"onread","native":false}],"stack":["Error: ENOENT: no such file or directory, open '/Users/fh/git/CCChat/app/config.json'","    at Error (native)","    at Object.fs.openSync (fs.js:640:18)","    at Object.fs.readFileSync (fs.js:508:33)","    at /Users/fh/git/CCChat/app/node_modules/secure-conf/index.js:53:43","    at ReadStream.ondata (/Users/fh/git/CCChat/app/node_modules/pw/index.js:85:17)","    at emitOne (events.js:96:13)","    at ReadStream.emit (events.js:188:7)","    at readableAddChunk (_stream_readable.js:177:18)","    at ReadStream.Readable.push (_stream_readable.js:135:10)","    at TTY.onread (net.js:542:20)"],"level":"error","message":"uncaughtException: ENOENT: no such file or directory, open '/Users/fh/git/CCChat/app/config.json'","timestamp":"2018-04-20T08:15:31.043Z"}
{"date":"Fri Apr 20 2018 10:17:30 GMT+0200 (CEST)","process":{"pid":8988,"uid":504,"gid":20,"cwd":"/Users/fh/git/CCChat/app/modules","execPath":"/usr/local/Cellar/node/6.3.0/bin/node","version":"v6.3.0","argv":["/usr/local/Cellar/node/6.3.0/bin/node"],"memoryUsage":{"rss":25706496,"heapTotal":12578816,"heapUsed":7879360}},"os":{"loadavg":[1.0751953125,1.19970703125,1.20947265625],"uptime":41534},"trace":[{"column":13,"file":"/Users/fh/git/CCChat/app/node_modules/secure-conf/index.js","function":null,"line":58,"method":null,"native":false},{"column":17,"file":"/Users/fh/git/CCChat/app/node_modules/pw/index.js","function":"ReadStream.ondata","line":85,"method":"ondata","native":false},{"column":13,"file":"events.js","function":"emitOne","line":96,"method":null,"native":false},{"column":7,"file":"events.js","function":"ReadStream.emit","line":188,"method":"emit","native":false},{"column":18,"file":"_stream_readable.js","function":"readableAddChunk","line":177,"method":null,"native":false},{"column":10,"file":"_stream_readable.js","function":"ReadStream.Readable.push","line":135,"method":"push","native":false},{"column":20,"file":"net.js","function":"TTY.onread","line":542,"method":"onread","native":false}],"stack":["TypeError: callback is not a function","    at /Users/fh/git/CCChat/app/node_modules/secure-conf/index.js:58:13","    at ReadStream.ondata (/Users/fh/git/CCChat/app/node_modules/pw/index.js:85:17)","    at emitOne (events.js:96:13)","    at ReadStream.emit (events.js:188:7)","    at readableAddChunk (_stream_readable.js:177:18)","    at ReadStream.Readable.push (_stream_readable.js:135:10)","    at TTY.onread (net.js:542:20)"],"level":"error","message":"uncaughtException: callback is not a function","timestamp":"2018-04-20T08:17:30.196Z"}
{"date":"Fri Apr 20 2018 10:17:30 GMT+0200 (CEST)","process":{"pid":8988,"uid":504,"gid":20,"cwd":"/Users/fh/git/CCChat/app/modules","execPath":"/usr/local/Cellar/node/6.3.0/bin/node","version":"v6.3.0","argv":["/usr/local/Cellar/node/6.3.0/bin/node"],"memoryUsage":{"rss":24559616,"heapTotal":9433088,"heapUsed":7251216}},"os":{"loadavg":[1.0751953125,1.19970703125,1.20947265625],"uptime":41534},"trace":[{"column":13,"file":"/Users/fh/git/CCChat/app/node_modules/secure-conf/index.js","function":null,"line":58,"method":null,"native":false},{"column":17,"file":"/Users/fh/git/CCChat/app/node_modules/pw/index.js","function":"ReadStream.ondata","line":85,"method":"ondata","native":false},{"column":13,"file":"events.js","function":"emitOne","line":96,"method":null,"native":false},{"column":7,"file":"events.js","function":"ReadStream.emit","line":188,"method":"emit","native":false},{"column":18,"file":"_stream_readable.js","function":"readableAddChunk","line":177,"method":null,"native":false},{"column":10,"file":"_stream_readable.js","function":"ReadStream.Readable.push","line":135,"method":"push","native":false},{"column":20,"file":"net.js","function":"TTY.onread","line":542,"method":"onread","native":false}],"stack":["TypeError: callback is not a function","    at /Users/fh/git/CCChat/app/node_modules/secure-conf/index.js:58:13","    at ReadStream.ondata (/Users/fh/git/CCChat/app/node_modules/pw/index.js:85:17)","    at emitOne (events.js:96:13)","    at ReadStream.emit (events.js:188:7)","    at readableAddChunk (_stream_readable.js:177:18)","    at ReadStream.Readable.push (_stream_readable.js:135:10)","    at TTY.onread (net.js:542:20)"],"level":"error","message":"uncaughtException: callback is not a function","timestamp":"2018-04-20T08:17:30.206Z"}
{"date":"Fri Apr 20 2018 10:17:30 GMT+0200 (CEST)","process":{"pid":8988,"uid":504,"gid":20,"cwd":"/Users/fh/git/CCChat/app/modules","execPath":"/usr/local/Cellar/node/6.3.0/bin/node","version":"v6.3.0","argv":["/usr/local/Cellar/node/6.3.0/bin/node"],"memoryUsage":{"rss":24580096,"heapTotal":9433088,"heapUsed":7484600}},"os":{"loadavg":[1.0751953125,1.19970703125,1.20947265625],"uptime":41534},"trace":[{"column":13,"file":"/Users/fh/git/CCChat/app/node_modules/secure-conf/index.js","function":null,"line":58,"method":null,"native":false},{"column":17,"file":"/Users/fh/git/CCChat/app/node_modules/pw/index.js","function":"ReadStream.ondata","line":85,"method":"ondata","native":false},{"column":13,"file":"events.js","function":"emitOne","line":96,"method":null,"native":false},{"column":7,"file":"events.js","function":"ReadStream.emit","line":188,"method":"emit","native":false},{"column":18,"file":"_stream_readable.js","function":"readableAddChunk","line":177,"method":null,"native":false},{"column":10,"file":"_stream_readable.js","function":"ReadStream.Readable.push","line":135,"method":"push","native":false},{"column":20,"file":"net.js","function":"TTY.onread","line":542,"method":"onread","native":false}],"stack":["TypeError: callback is not a function","    at /Users/fh/git/CCChat/app/node_modules/secure-conf/index.js:58:13","    at ReadStream.ondata (/Users/fh/git/CCChat/app/node_modules/pw/index.js:85:17)","    at emitOne (events.js:96:13)","    at ReadStream.emit (events.js:188:7)","    at readableAddChunk (_stream_readable.js:177:18)","    at ReadStream.Readable.push (_stream_readable.js:135:10)","    at TTY.onread (net.js:542:20)"],"level":"error","message":"uncaughtException: callback is not a function","timestamp":"2018-04-20T08:17:30.207Z"}
{"date":"Fri Apr 20 2018 10:17:30 GMT+0200 (CEST)","process":{"pid":8988,"uid":504,"gid":20,"cwd":"/Users/fh/git/CCChat/app/modules","execPath":"/usr/local/Cellar/node/6.3.0/bin/node","version":"v6.3.0","argv":["/usr/local/Cellar/node/6.3.0/bin/node"],"memoryUsage":{"rss":24133632,"heapTotal":10481664,"heapUsed":7213128}},"os":{"loadavg":[1.0751953125,1.19970703125,1.20947265625],"uptime":41534},"trace":[{"column":13,"file":"/Users/fh/git/CCChat/app/node_modules/secure-conf/index.js","function":null,"line":58,"method":null,"native":false},{"column":17,"file":"/Users/fh/git/CCChat/app/node_modules/pw/index.js","function":"ReadStream.ondata","line":85,"method":"ondata","native":false},{"column":13,"file":"events.js","function":"emitOne","line":96,"method":null,"native":false},{"column":7,"file":"events.js","function":"ReadStream.emit","line":188,"method":"emit","native":false},{"column":18,"file":"_stream_readable.js","function":"readableAddChunk","line":177,"method":null,"native":false},{"column":10,"file":"_stream_readable.js","function":"ReadStream.Readable.push","line":135,"method":"push","native":false},{"column":20,"file":"net.js","function":"TTY.onread","line":542,"method":"onread","native":false}],"stack":["TypeError: callback is not a function","    at /Users/fh/git/CCChat/app/node_modules/secure-conf/index.js:58:13","    at ReadStream.ondata (/Users/fh/git/CCChat/app/node_modules/pw/index.js:85:17)","    at emitOne (events.js:96:13)","    at ReadStream.emit (events.js:188:7)","    at readableAddChunk (_stream_readable.js:177:18)","    at ReadStream.Readable.push (_stream_readable.js:135:10)","    at TTY.onread (net.js:542:20)"],"level":"error","message":"uncaughtException: callback is not a function","timestamp":"2018-04-20T08:17:30.208Z"}
{"date":"Fri Apr 20 2018 10:17:30 GMT+0200 (CEST)","process":{"pid":8988,"uid":504,"gid":20,"cwd":"/Users/fh/git/CCChat/app/modules","execPath":"/usr/local/Cellar/node/6.3.0/bin/node","version":"v6.3.0","argv":["/usr/local/Cellar/node/6.3.0/bin/node"],"memoryUsage":{"rss":24346624,"heapTotal":10481664,"heapUsed":7425760}},"os":{"loadavg":[1.0751953125,1.19970703125,1.20947265625],"uptime":41534},"trace":[{"column":13,"file":"/Users/fh/git/CCChat/app/node_modules/secure-conf/index.js","function":null,"line":58,"method":null,"native":false},{"column":17,"file":"/Users/fh/git/CCChat/app/node_modules/pw/index.js","function":"ReadStream.ondata","line":85,"method":"ondata","native":false},{"column":13,"file":"events.js","function":"emitOne","line":96,"method":null,"native":false},{"column":7,"file":"events.js","function":"ReadStream.emit","line":188,"method":"emit","native":false},{"column":18,"file":"_stream_readable.js","function":"readableAddChunk","line":177,"method":null,"native":false},{"column":10,"file":"_stream_readable.js","function":"ReadStream.Readable.push","line":135,"method":"push","native":false},{"column":20,"file":"net.js","function":"TTY.onread","line":542,"method":"onread","native":false}],"stack":["TypeError: callback is not a function","    at /Users/fh/git/CCChat/app/node_modules/secure-conf/index.js:58:13","    at ReadStream.ondata (/Users/fh/git/CCChat/app/node_modules/pw/index.js:85:17)","    at emitOne (events.js:96:13)","    at ReadStream.emit (events.js:188:7)","    at readableAddChunk (_stream_readable.js:177:18)","    at ReadStream.Readable.push (_stream_readable.js:135:10)","    at TTY.onread (net.js:542:20)"],"level":"error","message":"uncaughtException: callback is not a function","timestamp":"2018-04-20T08:17:30.209Z"}
{"date":"Fri Apr 20 2018 10:17:30 GMT+0200 (CEST)","process":{"pid":8988,"uid":504,"gid":20,"cwd":"/Users/fh/git/CCChat/app/modules","execPath":"/usr/local/Cellar/node/6.3.0/bin/node","version":"v6.3.0","argv":["/usr/local/Cellar/node/6.3.0/bin/node"],"memoryUsage":{"rss":24580096,"heapTotal":10481664,"heapUsed":7643048}},"os":{"loadavg":[1.0751953125,1.19970703125,1.20947265625],"uptime":41534},"trace":[{"column":13,"file":"/Users/fh/git/CCChat/app/node_modules/secure-conf/index.js","function":null,"line":58,"method":null,"native":false},{"column":17,"file":"/Users/fh/git/CCChat/app/node_modules/pw/index.js","function":"ReadStream.ondata","line":85,"method":"ondata","native":false},{"column":13,"file":"events.js","function":"emitOne","line":96,"method":null,"native":false},{"column":7,"file":"events.js","function":"ReadStream.emit","line":188,"method":"emit","native":false},{"column":18,"file":"_stream_readable.js","function":"readableAddChunk","line":177,"method":null,"native":false},{"column":10,"file":"_stream_readable.js","function":"ReadStream.Readable.push","line":135,"method":"push","native":false},{"column":20,"file":"net.js","function":"TTY.onread","line":542,"method":"onread","native":false}],"stack":["TypeError: callback is not a function","    at /Users/fh/git/CCChat/app/node_modules/secure-conf/index.js:58:13","    at ReadStream.ondata (/Users/fh/git/CCChat/app/node_modules/pw/index.js:85:17)","    at emitOne (events.js:96:13)","    at ReadStream.emit (events.js:188:7)","    at readableAddChunk (_stream_readable.js:177:18)","    at ReadStream.Readable.push (_stream_readable.js:135:10)","    at TTY.onread (net.js:542:20)"],"level":"error","message":"uncaughtException: callback is not a function","timestamp":"2018-04-20T08:17:30.210Z"}
{"level":"info","message":"Setting up App","timestamp":"2018-04-20T08:55:09.799Z"}
{"date":"Fri Apr 20 2018 10:55:14 GMT+0200 (CEST)","process":{"pid":9628,"uid":504,"gid":20,"cwd":"/Users/fh/git/CCChat/app","execPath":"/usr/local/Cellar/node/6.3.0/bin/node","version":"v6.3.0","argv":["/usr/local/Cellar/node/6.3.0/bin/node","/Users/fh/git/CCChat/app/app.js"],"memoryUsage":{"rss":32096256,"heapTotal":19918848,"heapUsed":13231936}},"os":{"loadavg":[1.85986328125,1.8486328125,1.67431640625],"uptime":43798},"trace":[{"column":13,"file":"/Users/fh/git/CCChat/app/node_modules/secure-conf/index.js","function":null,"line":45,"method":null,"native":false},{"column":17,"file":"/Users/fh/git/CCChat/app/node_modules/pw/index.js","function":"ReadStream.ondata","line":85,"method":"ondata","native":false},{"column":13,"file":"events.js","function":"emitOne","line":96,"method":null,"native":false},{"column":7,"file":"events.js","function":"ReadStream.emit","line":188,"method":"emit","native":false},{"column":18,"file":"_stream_readable.js","function":"readableAddChunk","line":177,"method":null,"native":false},{"column":10,"file":"_stream_readable.js","function":"ReadStream.Readable.push","line":135,"method":"push","native":false},{"column":20,"file":"net.js","function":"TTY.onread","line":542,"method":"onread","native":false}],"stack":["TypeError: callback is not a function","    at /Users/fh/git/CCChat/app/node_modules/secure-conf/index.js:45:13","    at ReadStream.ondata (/Users/fh/git/CCChat/app/node_modules/pw/index.js:85:17)","    at emitOne (events.js:96:13)","    at ReadStream.emit (events.js:188:7)","    at readableAddChunk (_stream_readable.js:177:18)","    at ReadStream.Readable.push (_stream_readable.js:135:10)","    at TTY.onread (net.js:542:20)"],"level":"error","message":"uncaughtException: callback is not a function","timestamp":"2018-04-20T08:55:14.401Z"}
{"date":"Fri Apr 20 2018 10:55:14 GMT+0200 (CEST)","process":{"pid":9628,"uid":504,"gid":20,"cwd":"/Users/fh/git/CCChat/app","execPath":"/usr/local/Cellar/node/6.3.0/bin/node","version":"v6.3.0","argv":["/usr/local/Cellar/node/6.3.0/bin/node","/Users/fh/git/CCChat/app/app.js"],"memoryUsage":{"rss":32464896,"heapTotal":19918848,"heapUsed":13593960}},"os":{"loadavg":[1.85986328125,1.8486328125,1.67431640625],"uptime":43798},"trace":[{"column":13,"file":"/Users/fh/git/CCChat/app/node_modules/secure-conf/index.js","function":null,"line":45,"method":null,"native":false},{"column":17,"file":"/Users/fh/git/CCChat/app/node_modules/pw/index.js","function":"ReadStream.ondata","line":85,"method":"ondata","native":false},{"column":13,"file":"events.js","function":"emitOne","line":96,"method":null,"native":false},{"column":7,"file":"events.js","function":"ReadStream.emit","line":188,"method":"emit","native":false},{"column":18,"file":"_stream_readable.js","function":"readableAddChunk","line":177,"method":null,"native":false},{"column":10,"file":"_stream_readable.js","function":"ReadStream.Readable.push","line":135,"method":"push","native":false},{"column":20,"file":"net.js","function":"TTY.onread","line":542,"method":"onread","native":false}],"stack":["TypeError: callback is not a function","    at /Users/fh/git/CCChat/app/node_modules/secure-conf/index.js:45:13","    at ReadStream.ondata (/Users/fh/git/CCChat/app/node_modules/pw/index.js:85:17)","    at emitOne (events.js:96:13)","    at ReadStream.emit (events.js:188:7)","    at readableAddChunk (_stream_readable.js:177:18)","    at ReadStream.Readable.push (_stream_readable.js:135:10)","    at TTY.onread (net.js:542:20)"],"level":"error","message":"uncaughtException: callback is not a function","timestamp":"2018-04-20T08:55:14.403Z"}
{"date":"Fri Apr 20 2018 10:55:14 GMT+0200 (CEST)","process":{"pid":9628,"uid":504,"gid":20,"cwd":"/Users/fh/git/CCChat/app","execPath":"/usr/local/Cellar/node/6.3.0/bin/node","version":"v6.3.0","argv":["/usr/local/Cellar/node/6.3.0/bin/node","/Users/fh/git/CCChat/app/app.js"],"memoryUsage":{"rss":33169408,"heapTotal":20967424,"heapUsed":11561120}},"os":{"loadavg":[1.85986328125,1.8486328125,1.67431640625],"uptime":43798},"trace":[{"column":13,"file":"/Users/fh/git/CCChat/app/node_modules/secure-conf/index.js","function":null,"line":45,"method":null,"native":false},{"column":17,"file":"/Users/fh/git/CCChat/app/node_modules/pw/index.js","function":"ReadStream.ondata","line":85,"method":"ondata","native":false},{"column":13,"file":"events.js","function":"emitOne","line":96,"method":null,"native":false},{"column":7,"file":"events.js","function":"ReadStream.emit","line":188,"method":"emit","native":false},{"column":18,"file":"_stream_readable.js","function":"readableAddChunk","line":177,"method":null,"native":false},{"column":10,"file":"_stream_readable.js","function":"ReadStream.Readable.push","line":135,"method":"push","native":false},{"column":20,"file":"net.js","function":"TTY.onread","line":542,"method":"onread","native":false}],"stack":["TypeError: callback is not a function","    at /Users/fh/git/CCChat/app/node_modules/secure-conf/index.js:45:13","    at ReadStream.ondata (/Users/fh/git/CCChat/app/node_modules/pw/index.js:85:17)","    at emitOne (events.js:96:13)","    at ReadStream.emit (events.js:188:7)","    at readableAddChunk (_stream_readable.js:177:18)","    at ReadStream.Readable.push (_stream_readable.js:135:10)","    at TTY.onread (net.js:542:20)"],"level":"error","message":"uncaughtException: callback is not a function","timestamp":"2018-04-20T08:55:14.406Z"}
{"date":"Fri Apr 20 2018 10:55:14 GMT+0200 (CEST)","process":{"pid":9628,"uid":504,"gid":20,"cwd":"/Users/fh/git/CCChat/app","execPath":"/usr/local/Cellar/node/6.3.0/bin/node","version":"v6.3.0","argv":["/usr/local/Cellar/node/6.3.0/bin/node","/Users/fh/git/CCChat/app/app.js"],"memoryUsage":{"rss":33169408,"heapTotal":20967424,"heapUsed":11776160}},"os":{"loadavg":[1.85986328125,1.8486328125,1.67431640625],"uptime":43798},"trace":[{"column":13,"file":"/Users/fh/git/CCChat/app/node_modules/secure-conf/index.js","function":null,"line":45,"method":null,"native":false},{"column":17,"file":"/Users/fh/git/CCChat/app/node_modules/pw/index.js","function":"ReadStream.ondata","line":85,"method":"ondata","native":false},{"column":13,"file":"events.js","function":"emitOne","line":96,"method":null,"native":false},{"column":7,"file":"events.js","function":"ReadStream.emit","line":188,"method":"emit","native":false},{"column":18,"file":"_stream_readable.js","function":"readableAddChunk","line":177,"method":null,"native":false},{"column":10,"file":"_stream_readable.js","function":"ReadStream.Readable.push","line":135,"method":"push","native":false},{"column":20,"file":"net.js","function":"TTY.onread","line":542,"method":"onread","native":false}],"stack":["TypeError: callback is not a function","    at /Users/fh/git/CCChat/app/node_modules/secure-conf/index.js:45:13","    at ReadStream.ondata (/Users/fh/git/CCChat/app/node_modules/pw/index.js:85:17)","    at emitOne (events.js:96:13)","    at ReadStream.emit (events.js:188:7)","    at readableAddChunk (_stream_readable.js:177:18)","    at ReadStream.Readable.push (_stream_readable.js:135:10)","    at TTY.onread (net.js:542:20)"],"level":"error","message":"uncaughtException: callback is not a function","timestamp":"2018-04-20T08:55:14.407Z"}
{"date":"Fri Apr 20 2018 10:55:14 GMT+0200 (CEST)","process":{"pid":9628,"uid":504,"gid":20,"cwd":"/Users/fh/git/CCChat/app","execPath":"/usr/local/Cellar/node/6.3.0/bin/node","version":"v6.3.0","argv":["/usr/local/Cellar/node/6.3.0/bin/node","/Users/fh/git/CCChat/app/app.js"],"memoryUsage":{"rss":33177600,"heapTotal":20967424,"heapUsed":11991608}},"os":{"loadavg":[1.85986328125,1.8486328125,1.67431640625],"uptime":43798},"trace":[{"column":13,"file":"/Users/fh/git/CCChat/app/node_modules/secure-conf/index.js","function":null,"line":45,"method":null,"native":false},{"column":17,"file":"/Users/fh/git/CCChat/app/node_modules/pw/index.js","function":"ReadStream.ondata","line":85,"method":"ondata","native":false},{"column":13,"file":"events.js","function":"emitOne","line":96,"method":null,"native":false},{"column":7,"file":"events.js","function":"ReadStream.emit","line":188,"method":"emit","native":false},{"column":18,"file":"_stream_readable.js","function":"readableAddChunk","line":177,"method":null,"native":false},{"column":10,"file":"_stream_readable.js","function":"ReadStream.Readable.push","line":135,"method":"push","native":false},{"column":20,"file":"net.js","function":"TTY.onread","line":542,"method":"onread","native":false}],"stack":["TypeError: callback is not a function","    at /Users/fh/git/CCChat/app/node_modules/secure-conf/index.js:45:13","    at ReadStream.ondata (/Users/fh/git/CCChat/app/node_modules/pw/index.js:85:17)","    at emitOne (events.js:96:13)","    at ReadStream.emit (events.js:188:7)","    at readableAddChunk (_stream_readable.js:177:18)","    at ReadStream.Readable.push (_stream_readable.js:135:10)","    at TTY.onread (net.js:542:20)"],"level":"error","message":"uncaughtException: callback is not a function","timestamp":"2018-04-20T08:55:14.408Z"}
{"date":"Fri Apr 20 2018 10:55:14 GMT+0200 (CEST)","process":{"pid":9628,"uid":504,"gid":20,"cwd":"/Users/fh/git/CCChat/app","execPath":"/usr/local/Cellar/node/6.3.0/bin/node","version":"v6.3.0","argv":["/usr/local/Cellar/node/6.3.0/bin/node","/Users/fh/git/CCChat/app/app.js"],"memoryUsage":{"rss":33193984,"heapTotal":20967424,"heapUsed":12217408}},"os":{"loadavg":[1.85986328125,1.8486328125,1.67431640625],"uptime":43798},"trace":[{"column":13,"file":"/Users/fh/git/CCChat/app/node_modules/secure-conf/index.js","function":null,"line":45,"method":null,"native":false},{"column":17,"file":"/Users/fh/git/CCChat/app/node_modules/pw/index.js","function":"ReadStream.ondata","line":85,"method":"ondata","native":false},{"column":13,"file":"events.js","function":"emitOne","line":96,"method":null,"native":false},{"column":7,"file":"events.js","function":"ReadStream.emit","line":188,"method":"emit","native":false},{"column":18,"file":"_stream_readable.js","function":"readableAddChunk","line":177,"method":null,"native":false},{"column":10,"file":"_stream_readable.js","function":"ReadStream.Readable.push","line":135,"method":"push","native":false},{"column":20,"file":"net.js","function":"TTY.onread","line":542,"method":"onread","native":false}],"stack":["TypeError: callback is not a function","    at /Users/fh/git/CCChat/app/node_modules/secure-conf/index.js:45:13","    at ReadStream.ondata (/Users/fh/git/CCChat/app/node_modules/pw/index.js:85:17)","    at emitOne (events.js:96:13)","    at ReadStream.emit (events.js:188:7)","    at readableAddChunk (_stream_readable.js:177:18)","    at ReadStream.Readable.push (_stream_readable.js:135:10)","    at TTY.onread (net.js:542:20)"],"level":"error","message":"uncaughtException: callback is not a function","timestamp":"2018-04-20T08:55:14.409Z"}
{"level":"info","message":"Setting up App","timestamp":"2018-04-20T08:56:09.645Z"}
{"level":"info","message":"Setting up Server","timestamp":"2018-04-20T08:56:20.653Z"}
{"level":"info","message":"Using https","timestamp":"2018-04-20T08:56:20.661Z"}
{"level":"info","message":"Setting up storage for sessions","timestamp":"2018-04-20T08:56:20.874Z"}
{"level":"warn","message":"Certificates ca-file not loaded","timestamp":"2018-04-20T08:56:20.656Z"}
{"level":"warn","message":"Connection to redislabs could'nt be established","timestamp":"2018-04-20T08:56:21.138Z"}
{"message":"Redis connection to redis-11379.c11.us-east-1-2.ec2.cloud.redislabs.com:11379 failed - connect ECONNREFUSED 54.91.215.131:11379","stack":"Error: Redis connection to redis-11379.c11.us-east-1-2.ec2.cloud.redislabs.com:11379 failed - connect ECONNREFUSED 54.91.215.131:11379\n    at Object.exports._errnoException (util.js:1008:11)\n    at exports._exceptionWithHostPort (util.js:1031:20)\n    at TCPConnectWrap.afterConnect [as oncomplete] (net.js:1080:14)","code":"ECONNREFUSED","errno":"ECONNREFUSED","syscall":"connect","address":"54.91.215.131","port":11379,"level":"warn","timestamp":"2018-04-20T08:56:21.139Z"}
{"level":"warn","message":"Connection to redislab couldn't be established","timestamp":"2018-04-20T08:56:21.141Z"}
{"level":"info","message":"Setting up sockets","timestamp":"2018-04-20T08:56:21.160Z"}
{"level":"warn","message":"Couldn't connect to mlab.com. Fallback to local mongodb","timestamp":"2018-04-20T08:56:21.846Z"}
{"level":"info","message":"Connection to local mongodb succeeded","timestamp":"2018-04-20T08:56:21.929Z"}
{"level":"info","message":"Setting up handlebars","timestamp":"2018-04-20T08:56:21.931Z"}
{"level":"info","message":"Initializing express application","timestamp":"2018-04-20T08:56:22.035Z"}
{"level":"info","message":"Server started and ready","timestamp":"2018-04-20T08:56:22.196Z"}
{"level":"info","message":"Setting up App","timestamp":"2018-04-20T09:01:09.238Z"}
{"level":"info","message":"Setting up Server","timestamp":"2018-04-20T09:01:11.689Z"}
{"level":"info","message":"Using https","timestamp":"2018-04-20T09:01:11.697Z"}
{"level":"info","message":"Setting up storage for sessions","timestamp":"2018-04-20T09:01:11.875Z"}
{"level":"warn","message":"Certificates ca-file not loaded","timestamp":"2018-04-20T09:01:11.691Z"}
{"level":"warn","message":"Connection to redislabs could'nt be established","timestamp":"2018-04-20T09:01:11.938Z"}
{"message":"Redis connection to redis-11379.c11.us-east-1-2.ec2.cloud.redislabs.com:11379 failed - connect ECONNREFUSED 54.91.215.131:11379","stack":"Error: Redis connection to redis-11379.c11.us-east-1-2.ec2.cloud.redislabs.com:11379 failed - connect ECONNREFUSED 54.91.215.131:11379\n    at Object.exports._errnoException (util.js:1008:11)\n    at exports._exceptionWithHostPort (util.js:1031:20)\n    at TCPConnectWrap.afterConnect [as oncomplete] (net.js:1080:14)","code":"ECONNREFUSED","errno":"ECONNREFUSED","syscall":"connect","address":"54.91.215.131","port":11379,"level":"warn","timestamp":"2018-04-20T09:01:11.939Z"}
{"level":"warn","message":"Connection to redislab couldn't be established","timestamp":"2018-04-20T09:01:11.941Z"}
{"level":"info","message":"Setting up sockets","timestamp":"2018-04-20T09:01:11.956Z"}
{"level":"warn","message":"Couldn't connect to mlab.com. Fallback to local mongodb","timestamp":"2018-04-20T09:01:12.619Z"}
{"level":"info","message":"Connection to local mongodb succeeded","timestamp":"2018-04-20T09:01:12.640Z"}
{"level":"info","message":"Setting up handlebars","timestamp":"2018-04-20T09:01:12.641Z"}
{"level":"info","message":"Initializing express application","timestamp":"2018-04-20T09:01:12.739Z"}
{"level":"info","message":"Server started and ready","timestamp":"2018-04-20T09:01:12.890Z"}
